<?xml version="1.0" encoding="UTF-8"?>
<!-- Generated by org.testng.reporters.JUnitReportReporter -->
<testsuite skipped="0" hostname="Sophies-MacBook-Pro.local" name="VersionControlDemo.Demo" tests="1" failures="0" timestamp="22 Oct 2018 19:53:03 GMT" time="32.419" errors="0">
  <testcase name="Test" time="32.419" classname="VersionControlDemo.Demo"/>
</testsuite> <!-- VersionControlDemo.Demo -->
