<?xml version="1.0" encoding="UTF-8"?>
<!-- Generated by org.testng.reporters.JUnitReportReporter -->
<testsuite skipped="0" hostname="Sophies-MacBook-Pro.local" name="VersionControlDemo.Demo" tests="1" failures="0" timestamp="22 Oct 2018 19:56:04 GMT" time="10.452" errors="0">
  <testcase name="Test" time="10.452" classname="VersionControlDemo.Demo"/>
</testsuite> <!-- VersionControlDemo.Demo -->
